11:41:27 main INFO com.test.baiduCase.LoginCase.login(24) 启动浏览器---------------------------
11:41:27 main INFO com.test.operation.LoginOperation.loginClick(18) 点击登录按钮
11:41:30 main INFO com.test.operation.LoginOperation.loginClick(21) 点击用户名登录按钮
11:41:32 main INFO com.test.operation.LoginOperation.loginSendKey(27) 输入用户名：13835639917
11:41:34 main INFO com.test.operation.LoginOperation.loginSendKey(30) 输入密码：Q1234567890.
11:41:36 main INFO com.test.baiduCase.LoginCase.login(29) 关闭浏览器---------------------------
11:41:53 main INFO com.test.baiduCase.SearchCase.serach(27) 打开浏览器了---------------------------
11:41:53 main INFO com.test.operation.SearchOperation.serachSendKeys(29) 清空输入框中的内容：自动化测试
11:41:53 main INFO com.test.operation.SearchOperation.serachSendKeys(31) 输入框中输入自动化测试
11:41:55 main INFO com.test.operation.SearchOperation.serachSendKeys(35) 点击百度按钮---------------------------
11:41:58 main INFO com.test.operation.SearchOperation.serachSendKeys(29) 清空输入框中的内容：北京现乳状云
11:41:59 main INFO com.test.operation.SearchOperation.serachSendKeys(31) 输入框中输入北京现乳状云
11:42:01 main INFO com.test.operation.SearchOperation.serachSendKeys(35) 点击百度按钮---------------------------
11:42:04 main INFO com.test.operation.SearchOperation.serachSendKeys(29) 清空输入框中的内容：测试
11:42:04 main INFO com.test.operation.SearchOperation.serachSendKeys(31) 输入框中输入测试
11:42:06 main INFO com.test.operation.SearchOperation.serachSendKeys(35) 点击百度按钮---------------------------
11:42:09 main INFO com.test.operation.SearchOperation.serachSendKeys(29) 清空输入框中的内容：java中proterties文件中怎么输入汉字
11:42:09 main INFO com.test.operation.SearchOperation.serachSendKeys(31) 输入框中输入java中proterties文件中怎么输入汉字
11:42:11 main INFO com.test.operation.SearchOperation.serachSendKeys(35) 点击百度按钮---------------------------
11:42:14 main INFO com.test.operation.SearchOperation.serachSendKeys(29) 清空输入框中的内容：2020年全国两会
11:42:14 main INFO com.test.operation.SearchOperation.serachSendKeys(31) 输入框中输入2020年全国两会
11:42:16 main INFO com.test.operation.SearchOperation.serachSendKeys(35) 点击百度按钮---------------------------
11:42:20 main INFO com.test.baiduCase.SearchCase.serach(30) 关闭浏览器了----------------------------
